<?xml version="1.0" encoding="UTF-8"?>
<!-- Generated by org.testng.reporters.JUnitReportReporter -->
<testsuite hostname="LAPTOP-0OTPJQL1" failures="0" tests="2" name="com.javafortesters.chap005testwithourownclasses.domainobject.examples.TestAppEnvironmentTest" time="0.016" errors="0" timestamp="2025-01-03T20:08:05 IST" skipped="0">
  <testcase classname="com.javafortesters.chap005testwithourownclasses.domainobject.examples.TestAppEnvironmentTest" name="canGetDomainAndPortStatically" time="0.013"/>
  <system-out/>
  <testcase classname="com.javafortesters.chap005testwithourownclasses.domainobject.examples.TestAppEnvironmentTest" name="canGetUrlStatically" time="0.003"/>
  <system-out/>
</testsuite> <!-- com.javafortesters.chap005testwithourownclasses.domainobject.examples.TestAppEnvironmentTest -->
