<?xml version="1.0" encoding="UTF-8"?>
<!-- Generated by org.testng.reporters.JUnitReportReporter -->
<testsuite hostname="LAPTOP-0OTPJQL1" failures="0" tests="2" name="com.javafortesters.chap006domainentities.examples.UserTest" time="0.046" errors="0" timestamp="2025-01-06T22:37:49 IST" skipped="0">
  <testcase classname="com.javafortesters.chap006domainentities.examples.UserTest" name="canConstructANewUser" time="0.039"/>
  <system-out/>
  <testcase classname="com.javafortesters.chap006domainentities.examples.UserTest" name="userHasdefaultUsernameAndPassword" time="0.007"/>
  <system-out/>
</testsuite> <!-- com.javafortesters.chap006domainentities.examples.UserTest -->
